<?xml version="1.0" encoding="UTF-8"?>
<!-- Generated by org.testng.reporters.JUnitReportReporter -->
<testsuite hostname="DESKTOP-OD4QQKM" failures="0" tests="5" name="project.others" time="39.305" errors="0" timestamp="2024-01-30T17:37:08 IST" skipped="0">
  <testcase classname="project.others" name="testHoverAndClick" time="4.081"/>
  <system-out/>
  <testcase classname="project.others" name="testScrollUsingJavaScript" time="6.703"/>
  <system-out/>
  <testcase classname="project.others" name="scrolldown1" time="8.072"/>
  <system-out/>
  <testcase classname="project.others" name="shoppingtocart" time="6.702"/>
  <system-out/>
  <testcase classname="project.others" name="checkout" time="13.747"/>
  <system-out/>
</testsuite> <!-- project.others -->
